# JRE version: OpenJDK Runtime Environment (8.0_202) (build 1.8.0_202-release-1483-b49-5587405)
# Java VM: OpenJDK 64-Bit Server VM (25.202-b49-5587405 mixed mode linux-amd64 compressed oops)
Heap:
 PSYoungGen      total 290816K, used 11626K [0x00000000e0000000, 0x0000000100000000, 0x0000000100000000)
  eden space 243712K, 0% used [0x00000000e0000000,0x00000000e0000000,0x00000000eee00000)
  from space 47104K, 24% used [0x00000000fd200000,0x00000000fdd5abb8,0x0000000100000000)
  to   space 140288K, 0% used [0x00000000eee00000,0x00000000eee00000,0x00000000f7700000)
 ParOldGen       total 293376K, used 293328K [0x00000000a0000000, 0x00000000b1e80000, 0x00000000e0000000)
  object space 293376K, 99% used [0x00000000a0000000,0x00000000b1e74298,0x00000000b1e80000)
 Metaspace       used 90367K, capacity 92910K, committed 93144K, reserved 1130496K
  class space    used 11595K, capacity 12232K, committed 12288K, reserved 1048576K
GC Heap History (10 events):
Event: 55.429 GC heap after
Heap after GC invocations=11 (full 3):
 PSYoungGen      total 397824K, used 25223K [0x00000000e0000000, 0x00000000fa900000, 0x0000000100000000)
  eden space 372224K, 0% used [0x00000000e0000000,0x00000000e0000000,0x00000000f6b80000)
  from space 25600K, 98% used [0x00000000f9000000,0x00000000fa8a1c48,0x00000000fa900000)
  to   space 29696K, 0% used [0x00000000f6f00000,0x00000000f6f00000,0x00000000f8c00000)
 ParOldGen       total 257536K, used 38252K [0x00000000a0000000, 0x00000000afb80000, 0x00000000e0000000)
  object space 257536K, 14% used [0x00000000a0000000,0x00000000a255b098,0x00000000afb80000)
 Metaspace       used 66661K, capacity 68722K, committed 68824K, reserved 1107968K
  class space    used 8957K, capacity 9471K, committed 9472K, reserved 1048576K
}
Event: 580.557 GC heap before
{Heap before GC invocations=12 (full 3):
 PSYoungGen      total 397824K, used 397447K [0x00000000e0000000, 0x00000000fa900000, 0x0000000100000000)
  eden space 372224K, 100% used [0x00000000e0000000,0x00000000f6b80000,0x00000000f6b80000)
  from space 25600K, 98% used [0x00000000f9000000,0x00000000fa8a1c48,0x00000000fa900000)
  to   space 29696K, 0% used [0x00000000f6f00000,0x00000000f6f00000,0x00000000f8c00000)
 ParOldGen       total 257536K, used 38252K [0x00000000a0000000, 0x00000000afb80000, 0x00000000e0000000)
  object space 257536K, 14% used [0x00000000a0000000,0x00000000a255b098,0x00000000afb80000)
 Metaspace       used 76464K, capacity 78792K, committed 78936K, reserved 1118208K
  class space    used 10016K, capacity 10601K, committed 10624K, reserved 1048576K
Event: 913.012 GC heap after
Heap after GC invocations=12 (full 3):
 PSYoungGen      total 405504K, used 29687K [0x00000000e0000000, 0x0000000100000000, 0x0000000100000000)
  eden space 375808K, 0% used [0x00000000e0000000,0x00000000e0000000,0x00000000f6f00000)
  from space 29696K, 99% used [0x00000000f6f00000,0x00000000f8bfdec8,0x00000000f8c00000)
  to   space 37888K, 0% used [0x00000000fdb00000,0x00000000fdb00000,0x0000000100000000)
 ParOldGen       total 257536K, used 48394K [0x00000000a0000000, 0x00000000afb80000, 0x00000000e0000000)
  object space 257536K, 18% used [0x00000000a0000000,0x00000000a2f42b50,0x00000000afb80000)
 Metaspace       used 76464K, capacity 78792K, committed 78936K, reserved 1118208K
  class space    used 10016K, capacity 10601K, committed 10624K, reserved 1048576K
}
Event: 928.200 GC heap before
{Heap before GC invocations=13 (full 3):
 PSYoungGen      total 405504K, used 405495K [0x00000000e0000000, 0x0000000100000000, 0x0000000100000000)
  eden space 375808K, 100% used [0x00000000e0000000,0x00000000f6f00000,0x00000000f6f00000)
  from space 29696K, 99% used [0x00000000f6f00000,0x00000000f8bfdec8,0x00000000f8c00000)
  to   space 37888K, 0% used [0x00000000fdb00000,0x00000000fdb00000,0x0000000100000000)
 ParOldGen       total 257536K, used 48394K [0x00000000a0000000, 0x00000000afb80000, 0x00000000e0000000)
  object space 257536K, 18% used [0x00000000a0000000,0x00000000a2f42b50,0x00000000afb80000)
 Metaspace       used 79897K, capacity 82364K, committed 82520K, reserved 1120256K
  class space    used 10447K, capacity 11049K, committed 11136K, reserved 1048576K
Event: 928.269 GC heap after
Heap after GC invocations=13 (full 3):
 PSYoungGen      total 467968K, used 37885K [0x00000000e0000000, 0x0000000100000000, 0x0000000100000000)
  eden space 430080K, 0% used [0x00000000e0000000,0x00000000e0000000,0x00000000fa400000)
  from space 37888K, 99% used [0x00000000fdb00000,0x00000000fffff6b0,0x0000000100000000)
  to   space 47104K, 0% used [0x00000000fa400000,0x00000000fa400000,0x00000000fd200000)
 ParOldGen       total 257536K, used 58208K [0x00000000a0000000, 0x00000000afb80000, 0x00000000e0000000)
  object space 257536K, 22% used [0x00000000a0000000,0x00000000a38d8340,0x00000000afb80000)
 Metaspace       used 79897K, capacity 82364K, committed 82520K, reserved 1120256K
  class space    used 10447K, capacity 11049K, committed 11136K, reserved 1048576K
}
Event: 995.659 GC heap before
{Heap before GC invocations=14 (full 3):
 PSYoungGen      total 467968K, used 467965K [0x00000000e0000000, 0x0000000100000000, 0x0000000100000000)
  eden space 430080K, 100% used [0x00000000e0000000,0x00000000fa400000,0x00000000fa400000)
  from space 37888K, 99% used [0x00000000fdb00000,0x00000000fffff6b0,0x0000000100000000)
  to   space 47104K, 0% used [0x00000000fa400000,0x00000000fa400000,0x00000000fd200000)
 ParOldGen       total 257536K, used 58208K [0x00000000a0000000, 0x00000000afb80000, 0x00000000e0000000)
  object space 257536K, 22% used [0x00000000a0000000,0x00000000a38d8340,0x00000000afb80000)
 Metaspace       used 85437K, capacity 87988K, committed 88280K, reserved 1126400K
  class space    used 11088K, capacity 11731K, committed 11776K, reserved 1048576K
Event: 1021.415 GC heap after
Heap after GC invocations=14 (full 3):
 PSYoungGen      total 477184K, used 47078K [0x00000000e0000000, 0x0000000100000000, 0x0000000100000000)
  eden space 430080K, 0% used [0x00000000e0000000,0x00000000e0000000,0x00000000fa400000)
  from space 47104K, 99% used [0x00000000fa400000,0x00000000fd1f9a78,0x00000000fd200000)
  to   space 47104K, 0% used [0x00000000fd200000,0x00000000fd200000,0x0000000100000000)
 ParOldGen       total 257536K, used 155206K [0x00000000a0000000, 0x00000000afb80000, 0x00000000e0000000)
  object space 257536K, 60% used [0x00000000a0000000,0x00000000a9791ae8,0x00000000afb80000)
 Metaspace       used 85437K, capacity 87988K, committed 88280K, reserved 1126400K
  class space    used 11088K, capacity 11731K, committed 11776K, reserved 1048576K
}
Event: 1029.897 GC heap before
{Heap before GC invocations=15 (full 3):
 PSYoungGen      total 477184K, used 477158K [0x00000000e0000000, 0x0000000100000000, 0x0000000100000000)
  eden space 430080K, 100% used [0x00000000e0000000,0x00000000fa400000,0x00000000fa400000)
  from space 47104K, 99% used [0x00000000fa400000,0x00000000fd1f9a78,0x00000000fd200000)
  to   space 47104K, 0% used [0x00000000fd200000,0x00000000fd200000,0x0000000100000000)
 ParOldGen       total 257536K, used 155206K [0x00000000a0000000, 0x00000000afb80000, 0x00000000e0000000)
  object space 257536K, 60% used [0x00000000a0000000,0x00000000a9791ae8,0x00000000afb80000)
 Metaspace       used 90403K, capacity 93020K, committed 93144K, reserved 1130496K
  class space    used 11606K, capacity 12251K, committed 12288K, reserved 1048576K
Event: 1030.224 GC heap after
Heap after GC invocations=15 (full 3):
 PSYoungGen      total 290816K, used 47077K [0x00000000e0000000, 0x0000000100000000, 0x0000000100000000)
  eden space 243712K, 0% used [0x00000000e0000000,0x00000000e0000000,0x00000000eee00000)
  from space 47104K, 99% used [0x00000000fd200000,0x00000000ffff95c0,0x0000000100000000)
  to   space 140288K, 0% used [0x00000000eee00000,0x00000000eee00000,0x00000000f7700000)
 ParOldGen       total 293376K, used 293196K [0x00000000a0000000, 0x00000000b1e80000, 0x00000000e0000000)
  object space 293376K, 99% used [0x00000000a0000000,0x00000000b1e53248,0x00000000b1e80000)
 Metaspace       used 90403K, capacity 93020K, committed 93144K, reserved 1130496K
  class space    used 11606K, capacity 12251K, committed 12288K, reserved 1048576K
}
Event: 1030.224 GC heap before
{Heap before GC invocations=16 (full 4):
 PSYoungGen      total 290816K, used 47077K [0x00000000e0000000, 0x0000000100000000, 0x0000000100000000)
  eden space 243712K, 0% used [0x00000000e0000000,0x00000000e0000000,0x00000000eee00000)
  from space 47104K, 99% used [0x00000000fd200000,0x00000000ffff95c0,0x0000000100000000)
  to   space 140288K, 0% used [0x00000000eee00000,0x00000000eee00000,0x00000000f7700000)
 ParOldGen       total 293376K, used 293196K [0x00000000a0000000, 0x00000000b1e80000, 0x00000000e0000000)
  object space 293376K, 99% used [0x00000000a0000000,0x00000000b1e53248,0x00000000b1e80000)
 Metaspace       used 90403K, capacity 93020K, committed 93144K, reserved 1130496K
  class space    used 11606K, capacity 12251K, committed 12288K, reserved 1048576K

