# JRE version: OpenJDK Runtime Environment (8.0_222-b10) (build 1.8.0_222-8u222-b10-1ubuntu1~18.04.1-b10)
# Java VM: OpenJDK 64-Bit Server VM (25.222-b10 mixed mode linux-amd64 compressed oops)
Heap:
 PSYoungGen      total 349696K, used 0K [0x00000000e0000000, 0x0000000100000000, 0x0000000100000000)
  eden space 175104K, 0% used [0x00000000e0000000,0x00000000e0000000,0x00000000eab00000)
  from space 174592K, 0% used [0x00000000eab00000,0x00000000eab00000,0x00000000f5580000)
  to   space 174592K, 0% used [0x00000000f5580000,0x00000000f5580000,0x0000000100000000)
 ParOldGen       total 418816K, used 352219K [0x00000000a0000000, 0x00000000b9900000, 0x00000000e0000000)
  object space 418816K, 84% used [0x00000000a0000000,0x00000000b57f6e28,0x00000000b9900000)
 Metaspace       used 126465K, capacity 132226K, committed 134424K, reserved 1167360K
  class space    used 15845K, capacity 16948K, committed 17456K, reserved 1048576K
GC Heap History (10 events):
Event: 1785.228 GC heap after
Heap after GC invocations=25 (full 4):
 PSYoungGen      total 406016K, used 52543K [0x00000000e0000000, 0x0000000100000000, 0x0000000100000000)
  eden space 287744K, 0% used [0x00000000e0000000,0x00000000e0000000,0x00000000f1900000)
  from space 118272K, 44% used [0x00000000f1900000,0x00000000f4c4fe98,0x00000000f8c80000)
  to   space 112640K, 0% used [0x00000000f9200000,0x00000000f9200000,0x0000000100000000)
 ParOldGen       total 418816K, used 191757K [0x00000000a0000000, 0x00000000b9900000, 0x00000000e0000000)
  object space 418816K, 45% used [0x00000000a0000000,0x00000000abb434d0,0x00000000b9900000)
 Metaspace       used 121496K, capacity 128000K, committed 128152K, reserved 1161216K
  class space    used 15507K, capacity 16763K, committed 16816K, reserved 1048576K
}
Event: 1795.210 GC heap before
{Heap before GC invocations=26 (full 4):
 PSYoungGen      total 406016K, used 340287K [0x00000000e0000000, 0x0000000100000000, 0x0000000100000000)
  eden space 287744K, 100% used [0x00000000e0000000,0x00000000f1900000,0x00000000f1900000)
  from space 118272K, 44% used [0x00000000f1900000,0x00000000f4c4fe98,0x00000000f8c80000)
  to   space 112640K, 0% used [0x00000000f9200000,0x00000000f9200000,0x0000000100000000)
 ParOldGen       total 418816K, used 191757K [0x00000000a0000000, 0x00000000b9900000, 0x00000000e0000000)
  object space 418816K, 45% used [0x00000000a0000000,0x00000000abb434d0,0x00000000b9900000)
 Metaspace       used 123057K, capacity 129544K, committed 129816K, reserved 1163264K
  class space    used 15618K, capacity 16867K, committed 16944K, reserved 1048576K
Event: 1795.265 GC heap after
Heap after GC invocations=26 (full 4):
 PSYoungGen      total 391168K, used 37493K [0x00000000e0000000, 0x00000000ff180000, 0x0000000100000000)
  eden space 293376K, 0% used [0x00000000e0000000,0x00000000e0000000,0x00000000f1e80000)
  from space 97792K, 38% used [0x00000000f9200000,0x00000000fb69d4f8,0x00000000ff180000)
  to   space 108032K, 0% used [0x00000000f1e80000,0x00000000f1e80000,0x00000000f8800000)
 ParOldGen       total 418816K, used 191773K [0x00000000a0000000, 0x00000000b9900000, 0x00000000e0000000)
  object space 418816K, 45% used [0x00000000a0000000,0x00000000abb474d0,0x00000000b9900000)
 Metaspace       used 123057K, capacity 129544K, committed 129816K, reserved 1163264K
  class space    used 15618K, capacity 16867K, committed 16944K, reserved 1048576K
}
Event: 1798.028 GC heap before
{Heap before GC invocations=27 (full 4):
 PSYoungGen      total 391168K, used 330869K [0x00000000e0000000, 0x00000000ff180000, 0x0000000100000000)
  eden space 293376K, 100% used [0x00000000e0000000,0x00000000f1e80000,0x00000000f1e80000)
  from space 97792K, 38% used [0x00000000f9200000,0x00000000fb69d4f8,0x00000000ff180000)
  to   space 108032K, 0% used [0x00000000f1e80000,0x00000000f1e80000,0x00000000f8800000)
 ParOldGen       total 418816K, used 191773K [0x00000000a0000000, 0x00000000b9900000, 0x00000000e0000000)
  object space 418816K, 45% used [0x00000000a0000000,0x00000000abb474d0,0x00000000b9900000)
 Metaspace       used 123227K, capacity 129716K, committed 130072K, reserved 1163264K
  class space    used 15631K, capacity 16907K, committed 16944K, reserved 1048576K
Event: 1798.148 GC heap after
Heap after GC invocations=27 (full 4):
 PSYoungGen      total 401408K, used 108011K [0x00000000e0000000, 0x0000000100000000, 0x0000000100000000)
  eden space 293376K, 0% used [0x00000000e0000000,0x00000000e0000000,0x00000000f1e80000)
  from space 108032K, 99% used [0x00000000f1e80000,0x00000000f87fad60,0x00000000f8800000)
  to   space 122880K, 0% used [0x00000000f8800000,0x00000000f8800000,0x0000000100000000)
 ParOldGen       total 418816K, used 219888K [0x00000000a0000000, 0x00000000b9900000, 0x00000000e0000000)
  object space 418816K, 52% used [0x00000000a0000000,0x00000000ad6bc0d0,0x00000000b9900000)
 Metaspace       used 123227K, capacity 129716K, committed 130072K, reserved 1163264K
  class space    used 15631K, capacity 16907K, committed 16944K, reserved 1048576K
}
Event: 1800.281 GC heap before
{Heap before GC invocations=28 (full 4):
 PSYoungGen      total 401408K, used 401387K [0x00000000e0000000, 0x0000000100000000, 0x0000000100000000)
  eden space 293376K, 100% used [0x00000000e0000000,0x00000000f1e80000,0x00000000f1e80000)
  from space 108032K, 99% used [0x00000000f1e80000,0x00000000f87fad60,0x00000000f8800000)
  to   space 122880K, 0% used [0x00000000f8800000,0x00000000f8800000,0x0000000100000000)
 ParOldGen       total 418816K, used 219888K [0x00000000a0000000, 0x00000000b9900000, 0x00000000e0000000)
  object space 418816K, 52% used [0x00000000a0000000,0x00000000ad6bc0d0,0x00000000b9900000)
 Metaspace       used 127384K, capacity 133948K, committed 134424K, reserved 1167360K
  class space    used 16069K, capacity 17331K, committed 17456K, reserved 1048576K
Event: 1800.493 GC heap after
Heap after GC invocations=28 (full 4):
 PSYoungGen      total 297984K, used 122873K [0x00000000e0000000, 0x0000000100000000, 0x0000000100000000)
  eden space 175104K, 0% used [0x00000000e0000000,0x00000000e0000000,0x00000000eab00000)
  from space 122880K, 99% used [0x00000000f8800000,0x00000000ffffe6e8,0x0000000100000000)
  to   space 174592K, 0% used [0x00000000eab00000,0x00000000eab00000,0x00000000f5580000)
 ParOldGen       total 418816K, used 300609K [0x00000000a0000000, 0x00000000b9900000, 0x00000000e0000000)
  object space 418816K, 71% used [0x00000000a0000000,0x00000000b2590660,0x00000000b9900000)
 Metaspace       used 127384K, capacity 133948K, committed 134424K, reserved 1167360K
  class space    used 16069K, capacity 17331K, committed 17456K, reserved 1048576K
}
Event: 1801.405 GC heap before
{Heap before GC invocations=29 (full 4):
 PSYoungGen      total 297984K, used 297977K [0x00000000e0000000, 0x0000000100000000, 0x0000000100000000)
  eden space 175104K, 100% used [0x00000000e0000000,0x00000000eab00000,0x00000000eab00000)
  from space 122880K, 99% used [0x00000000f8800000,0x00000000ffffe6e8,0x0000000100000000)
  to   space 174592K, 0% used [0x00000000eab00000,0x00000000eab00000,0x00000000f5580000)
 ParOldGen       total 418816K, used 300609K [0x00000000a0000000, 0x00000000b9900000, 0x00000000e0000000)
  object space 418816K, 71% used [0x00000000a0000000,0x00000000b2590660,0x00000000b9900000)
 Metaspace       used 127431K, capacity 134012K, committed 134424K, reserved 1167360K
  class space    used 16070K, capacity 17331K, committed 17456K, reserved 1048576K
Event: 1801.608 GC heap after
Heap after GC invocations=29 (full 4):
 PSYoungGen      total 349696K, used 117884K [0x00000000e0000000, 0x0000000100000000, 0x0000000100000000)
  eden space 175104K, 0% used [0x00000000e0000000,0x00000000e0000000,0x00000000eab00000)
  from space 174592K, 67% used [0x00000000eab00000,0x00000000f1e1f128,0x00000000f5580000)
  to   space 174592K, 0% used [0x00000000f5580000,0x00000000f5580000,0x0000000100000000)
 ParOldGen       total 418816K, used 372674K [0x00000000a0000000, 0x00000000b9900000, 0x00000000e0000000)
  object space 418816K, 88% used [0x00000000a0000000,0x00000000b6bf0980,0x00000000b9900000)
 Metaspace       used 127431K, capacity 134012K, committed 134424K, reserved 1167360K
  class space    used 16070K, capacity 17331K, committed 17456K, reserved 1048576K
}
Event: 1801.613 GC heap before
{Heap before GC invocations=30 (full 5):
 PSYoungGen      total 349696K, used 117884K [0x00000000e0000000, 0x0000000100000000, 0x0000000100000000)
  eden space 175104K, 0% used [0x00000000e0000000,0x00000000e0000000,0x00000000eab00000)
  from space 174592K, 67% used [0x00000000eab00000,0x00000000f1e1f128,0x00000000f5580000)
  to   space 174592K, 0% used [0x00000000f5580000,0x00000000f5580000,0x0000000100000000)
 ParOldGen       total 418816K, used 372674K [0x00000000a0000000, 0x00000000b9900000, 0x00000000e0000000)
  object space 418816K, 88% used [0x00000000a0000000,0x00000000b6bf0980,0x00000000b9900000)
 Metaspace       used 127431K, capacity 134012K, committed 134424K, reserved 1167360K
  class space    used 16070K, capacity 17331K, committed 17456K, reserved 1048576K

